This is pdfTeX, Version 3.141592653-2.6-1.40.25 (TeX Live 2023/Debian) (preloaded format=pdflatex 2026.4.14)  18 JUN 2026 20:03
entering extended mode
 restricted \write18 enabled.
 %&-line parsing enabled.
**main.tex
(./main.tex
LaTeX2e <2023-11-01> patch level 1
L3 programming layer <2024-01-22>
(/usr/share/texlive/texmf-dist/tex/latex/base/book.cls
Document Class: book 2023/05/17 v1.4n Standard LaTeX document class
(/usr/share/texlive/texmf-dist/tex/latex/base/bk12.clo
File: bk12.clo 2023/05/17 v1.4n Standard LaTeX file (size option)
)
\c@part=\count187
\c@chapter=\count188
\c@section=\count189
\c@subsection=\count190
\c@subsubsection=\count191
\c@paragraph=\count192
\c@subparagraph=\count193
\c@figure=\count194
\c@table=\count195
\abovecaptionskip=\skip48
\belowcaptionskip=\skip49
\bibindent=\dimen140
)
(/usr/share/texlive/texmf-dist/tex/latex/base/fontenc.sty
Package: fontenc 2021/04/29 v2.0v Standard LaTeX package
)
(/usr/share/texlive/texmf-dist/tex/latex/base/inputenc.sty
Package: inputenc 2021/02/14 v1.3d Input encoding file
\inpenc@prehook=\toks17
\inpenc@posthook=\toks18
)
(/usr/share/texlive/texmf-dist/tex/generic/babel/babel.sty
Package: babel 2024/01/07 v24.1 The Babel package
\babel@savecnt=\count196
\U@D=\dimen141
\l@unhyphenated=\language5

(/usr/share/texlive/texmf-dist/tex/generic/babel/txtbabel.def)
\bbl@readstream=\read2
\bbl@dirlevel=\count197

(/usr/share/texlive/texmf-dist/tex/generic/babel-english/english.ldf
Language: english 2017/06/06 v3.3r English support from the babel system
Package babel Info: Hyphen rules for 'british' set to \l@english
(babel)             (\language0). Reported on input line 82.
Package babel Info: Hyphen rules for 'UKenglish' set to \l@english
(babel)             (\language0). Reported on input line 83.
Package babel Info: Hyphen rules for 'canadian' set to \l@english
(babel)             (\language0). Reported on input line 102.
Package babel Info: Hyphen rules for 'australian' set to \l@english
(babel)             (\language0). Reported on input line 105.
Package babel Info: Hyphen rules for 'newzealand' set to \l@english
(babel)             (\language0). Reported on input line 108.
))
(/usr/share/texlive/texmf-dist/tex/generic/babel/locale/en/babel-english.tex
Package babel Info: Importing font and identification data for english
(babel)             from babel-en.ini. Reported on input line 11.
)
(/usr/share/texlive/texmf-dist/tex/latex/geometry/geometry.sty
Package: geometry 2020/01/02 v5.9 Page Geometry

(/usr/share/texlive/texmf-dist/tex/latex/graphics/keyval.sty
Package: keyval 2022/05/29 v1.15 key=value parser (DPC)
\KV@toks@=\toks19
)
(/usr/share/texlive/texmf-dist/tex/generic/iftex/ifvtex.sty
Package: ifvtex 2019/10/25 v1.7 ifvtex legacy package. Use iftex instead.

(/usr/share/texlive/texmf-dist/tex/generic/iftex/iftex.sty
Package: iftex 2022/02/03 v1.0f TeX engine tests
))
\Gm@cnth=\count198
\Gm@cntv=\count199
\c@Gm@tempcnt=\count266
\Gm@bindingoffset=\dimen142
\Gm@wd@mp=\dimen143
\Gm@odd@mp=\dimen144
\Gm@even@mp=\dimen145
\Gm@layoutwidth=\dimen146
\Gm@layoutheight=\dimen147
\Gm@layouthoffset=\dimen148
\Gm@layoutvoffset=\dimen149
\Gm@dimlist=\toks20
)
(/usr/share/texlive/texmf-dist/tex/latex/setspace/setspace.sty
Package: setspace 2022/12/04 v6.7b set line spacing
)
(/usr/share/texlive/texmf-dist/tex/latex/enumitem/enumitem.sty
Package: enumitem 2019/06/20 v3.9 Customized lists
\labelindent=\skip50
\enit@outerparindent=\dimen150
\enit@toks=\toks21
\enit@inbox=\box51
\enit@count@id=\count267
\enitdp@description=\count268
)
(/usr/share/texlive/texmf-dist/tex/latex/amsmath/amsmath.sty
Package: amsmath 2023/05/13 v2.17o AMS math features
\@mathmargin=\skip51

For additional information on amsmath, use the `?' option.
(/usr/share/texlive/texmf-dist/tex/latex/amsmath/amstext.sty
Package: amstext 2021/08/26 v2.01 AMS text

(/usr/share/texlive/texmf-dist/tex/latex/amsmath/amsgen.sty
File: amsgen.sty 1999/11/30 v2.0 generic functions
\@emptytoks=\toks22
\ex@=\dimen151
))
(/usr/share/texlive/texmf-dist/tex/latex/amsmath/amsbsy.sty
Package: amsbsy 1999/11/29 v1.2d Bold Symbols
\pmbraise@=\dimen152
)
(/usr/share/texlive/texmf-dist/tex/latex/amsmath/amsopn.sty
Package: amsopn 2022/04/08 v2.04 operator names
)
\inf@bad=\count269
LaTeX Info: Redefining \frac on input line 234.
\uproot@=\count270
\leftroot@=\count271
LaTeX Info: Redefining \overline on input line 399.
LaTeX Info: Redefining \colon on input line 410.
\classnum@=\count272
\DOTSCASE@=\count273
LaTeX Info: Redefining \ldots on input line 496.
LaTeX Info: Redefining \dots on input line 499.
LaTeX Info: Redefining \cdots on input line 620.
\Mathstrutbox@=\box52
\strutbox@=\box53
LaTeX Info: Redefining \big on input line 722.
LaTeX Info: Redefining \Big on input line 723.
LaTeX Info: Redefining \bigg on input line 724.
LaTeX Info: Redefining \Bigg on input line 725.
\big@size=\dimen153
LaTeX Font Info:    Redeclaring font encoding OML on input line 743.
LaTeX Font Info:    Redeclaring font encoding OMS on input line 744.
\macc@depth=\count274
LaTeX Info: Redefining \bmod on input line 905.
LaTeX Info: Redefining \pmod on input line 910.
LaTeX Info: Redefining \smash on input line 940.
LaTeX Info: Redefining \relbar on input line 970.
LaTeX Info: Redefining \Relbar on input line 971.
\c@MaxMatrixCols=\count275
\dotsspace@=\muskip16
\c@parentequation=\count276
\dspbrk@lvl=\count277
\tag@help=\toks23
\row@=\count278
\column@=\count279
\maxfields@=\count280
\andhelp@=\toks24
\eqnshift@=\dimen154
\alignsep@=\dimen155
\tagshift@=\dimen156
\tagwidth@=\dimen157
\totwidth@=\dimen158
\lineht@=\dimen159
\@envbody=\toks25
\multlinegap=\skip52
\multlinetaggap=\skip53
\mathdisplay@stack=\toks26
LaTeX Info: Redefining \[ on input line 2953.
LaTeX Info: Redefining \] on input line 2954.
)
(/usr/share/texlive/texmf-dist/tex/latex/amsfonts/amssymb.sty
Package: amssymb 2013/01/14 v3.01 AMS font symbols

(/usr/share/texlive/texmf-dist/tex/latex/amsfonts/amsfonts.sty
Package: amsfonts 2013/01/14 v3.01 Basic AMSFonts support
\symAMSa=\mathgroup4
\symAMSb=\mathgroup5
LaTeX Font Info:    Redeclaring math symbol \hbar on input line 98.
LaTeX Font Info:    Overwriting math alphabet `\mathfrak' in version `bold'
(Font)                  U/euf/m/n --> U/euf/b/n on input line 106.
))
(/usr/share/texlive/texmf-dist/tex/latex/amscls/amsthm.sty
Package: amsthm 2020/05/29 v2.20.6
\thm@style=\toks27
\thm@bodyfont=\toks28
\thm@headfont=\toks29
\thm@notefont=\toks30
\thm@headpunct=\toks31
\thm@preskip=\skip54
\thm@postskip=\skip55
\thm@headsep=\skip56
\dth@everypar=\toks32
)
(/usr/share/texlive/texmf-dist/tex/latex/mathtools/mathtools.sty
Package: mathtools 2022/06/29 v1.29 mathematical typesetting tools

(/usr/share/texlive/texmf-dist/tex/latex/tools/calc.sty
Package: calc 2023/07/08 v4.3 Infix arithmetic (KKT,FJ)
\calc@Acount=\count281
\calc@Bcount=\count282
\calc@Adimen=\dimen160
\calc@Bdimen=\dimen161
\calc@Askip=\skip57
\calc@Bskip=\skip58
LaTeX Info: Redefining \setlength on input line 80.
LaTeX Info: Redefining \addtolength on input line 81.
\calc@Ccount=\count283
\calc@Cskip=\skip59
)
(/usr/share/texlive/texmf-dist/tex/latex/mathtools/mhsetup.sty
Package: mhsetup 2021/03/18 v1.4 programming setup (MH)
)
\g_MT_multlinerow_int=\count284
\l_MT_multwidth_dim=\dimen162
\origjot=\skip60
\l_MT_shortvdotswithinadjustabove_dim=\dimen163
\l_MT_shortvdotswithinadjustbelow_dim=\dimen164
\l_MT_above_intertext_sep=\dimen165
\l_MT_below_intertext_sep=\dimen166
\l_MT_above_shortintertext_sep=\dimen167
\l_MT_below_shortintertext_sep=\dimen168
\xmathstrut@box=\box54
\xmathstrut@dim=\dimen169
)
(/usr/share/texlive/texmf-dist/tex/latex/cancel/cancel.sty
Package: cancel 2013/04/12 v2.2 Cancel math terms
)
(/usr/share/texlive/texmf-dist/tex/latex/graphics/graphicx.sty
Package: graphicx 2021/09/16 v1.2d Enhanced LaTeX Graphics (DPC,SPQR)

(/usr/share/texlive/texmf-dist/tex/latex/graphics/graphics.sty
Package: graphics 2022/03/10 v1.4e Standard LaTeX Graphics (DPC,SPQR)

(/usr/share/texlive/texmf-dist/tex/latex/graphics/trig.sty
Package: trig 2021/08/11 v1.11 sin cos tan (DPC)
)
(/usr/share/texlive/texmf-dist/tex/latex/graphics-cfg/graphics.cfg
File: graphics.cfg 2016/06/04 v1.11 sample graphics configuration
)
Package graphics Info: Driver file: pdftex.def on input line 107.

(/usr/share/texlive/texmf-dist/tex/latex/graphics-def/pdftex.def
File: pdftex.def 2022/09/22 v1.2b Graphics/color driver for pdftex
))
\Gin@req@height=\dimen170
\Gin@req@width=\dimen171
)
(/usr/share/texlive/texmf-dist/tex/latex/float/float.sty
Package: float 2001/11/08 v1.3d Float enhancements (AL)
\c@float@type=\count285
\float@exts=\toks33
\float@box=\box55
\@float@everytoks=\toks34
\@floatcapt=\box56
)
(/usr/share/texlive/texmf-dist/tex/latex/placeins/placeins.sty
Package: placeins 2005/04/18  v 2.2
)
(/usr/share/texlive/texmf-dist/tex/latex/caption/caption.sty
Package: caption 2023/08/05 v3.6o Customizing captions (AR)

(/usr/share/texlive/texmf-dist/tex/latex/caption/caption3.sty
Package: caption3 2023/07/31 v2.4d caption3 kernel (AR)
\caption@tempdima=\dimen172
\captionmargin=\dimen173
\caption@leftmargin=\dimen174
\caption@rightmargin=\dimen175
\caption@width=\dimen176
\caption@indent=\dimen177
\caption@parindent=\dimen178
\caption@hangindent=\dimen179
Package caption Info: Standard document class detected.
)
\c@caption@flags=\count286
\c@continuedfloat=\count287
Package caption Info: float package is loaded.
)
(/usr/share/texlive/texmf-dist/tex/latex/caption/subcaption.sty
Package: subcaption 2023/07/28 v1.6b Sub-captions (AR)
Package caption Info: New subtype `subfigure' on input line 238.
\c@subfigure=\count288
Package caption Info: New subtype `subtable' on input line 238.
\c@subtable=\count289
)
(/usr/share/texlive/texmf-dist/tex/latex/booktabs/booktabs.sty
Package: booktabs 2020/01/12 v1.61803398 Publication quality tables
\heavyrulewidth=\dimen180
\lightrulewidth=\dimen181
\cmidrulewidth=\dimen182
\belowrulesep=\dimen183
\belowbottomsep=\dimen184
\aboverulesep=\dimen185
\abovetopsep=\dimen186
\cmidrulesep=\dimen187
\cmidrulekern=\dimen188
\defaultaddspace=\dimen189
\@cmidla=\count290
\@cmidlb=\count291
\@aboverulesep=\dimen190
\@belowrulesep=\dimen191
\@thisruleclass=\count292
\@lastruleclass=\count293
\@thisrulewidth=\dimen192
)
(/usr/share/texlive/texmf-dist/tex/latex/fancyhdr/fancyhdr.sty
Package: fancyhdr 2022/11/09 v4.1 Extensive control of page headers and footers

\f@nch@headwidth=\skip61
\f@nch@O@elh=\skip62
\f@nch@O@erh=\skip63
\f@nch@O@olh=\skip64
\f@nch@O@orh=\skip65
\f@nch@O@elf=\skip66
\f@nch@O@erf=\skip67
\f@nch@O@olf=\skip68
\f@nch@O@orf=\skip69
)
(/usr/share/texlive/texmf-dist/tex/latex/hyperref/hyperref.sty
Package: hyperref 2024-01-20 v7.01h Hypertext links for LaTeX

(/usr/share/texlive/texmf-dist/tex/latex/kvsetkeys/kvsetkeys.sty
Package: kvsetkeys 2022-10-05 v1.19 Key value parser (HO)
)
(/usr/share/texlive/texmf-dist/tex/generic/kvdefinekeys/kvdefinekeys.sty
Package: kvdefinekeys 2019-12-19 v1.6 Define keys (HO)
)
(/usr/share/texlive/texmf-dist/tex/generic/pdfescape/pdfescape.sty
Package: pdfescape 2019/12/09 v1.15 Implements pdfTeX's escape features (HO)

(/usr/share/texlive/texmf-dist/tex/generic/ltxcmds/ltxcmds.sty
Package: ltxcmds 2023-12-04 v1.26 LaTeX kernel commands for general use (HO)
)
(/usr/share/texlive/texmf-dist/tex/generic/pdftexcmds/pdftexcmds.sty
Package: pdftexcmds 2020-06-27 v0.33 Utility functions of pdfTeX for LuaTeX (HO
)

(/usr/share/texlive/texmf-dist/tex/generic/infwarerr/infwarerr.sty
Package: infwarerr 2019/12/03 v1.5 Providing info/warning/error messages (HO)
)
Package pdftexcmds Info: \pdf@primitive is available.
Package pdftexcmds Info: \pdf@ifprimitive is available.
Package pdftexcmds Info: \pdfdraftmode found.
))
(/usr/share/texlive/texmf-dist/tex/latex/hycolor/hycolor.sty
Package: hycolor 2020-01-27 v1.10 Color options for hyperref/bookmark (HO)
)
(/usr/share/texlive/texmf-dist/tex/latex/auxhook/auxhook.sty
Package: auxhook 2019-12-17 v1.6 Hooks for auxiliary files (HO)
)
(/usr/share/texlive/texmf-dist/tex/latex/hyperref/nameref.sty
Package: nameref 2023-11-26 v2.56 Cross-referencing by name of section

(/usr/share/texlive/texmf-dist/tex/latex/refcount/refcount.sty
Package: refcount 2019/12/15 v3.6 Data extraction from label references (HO)
)
(/usr/share/texlive/texmf-dist/tex/generic/gettitlestring/gettitlestring.sty
Package: gettitlestring 2019/12/15 v1.6 Cleanup title references (HO)

(/usr/share/texlive/texmf-dist/tex/latex/kvoptions/kvoptions.sty
Package: kvoptions 2022-06-15 v3.15 Key value format for package options (HO)
))
\c@section@level=\count294
)
(/usr/share/texlive/texmf-dist/tex/latex/etoolbox/etoolbox.sty
Package: etoolbox 2020/10/05 v2.5k e-TeX tools for LaTeX (JAW)
\etb@tempcnta=\count295
)
\@linkdim=\dimen193
\Hy@linkcounter=\count296
\Hy@pagecounter=\count297

(/usr/share/texlive/texmf-dist/tex/latex/hyperref/pd1enc.def
File: pd1enc.def 2024-01-20 v7.01h Hyperref: PDFDocEncoding definition (HO)
Now handling font encoding PD1 ...
... no UTF-8 mapping file for font encoding PD1
)
(/usr/share/texlive/texmf-dist/tex/generic/intcalc/intcalc.sty
Package: intcalc 2019/12/15 v1.3 Expandable calculations with integers (HO)
)
\Hy@SavedSpaceFactor=\count298

(/usr/share/texlive/texmf-dist/tex/latex/hyperref/puenc.def
File: puenc.def 2024-01-20 v7.01h Hyperref: PDF Unicode definition (HO)
Now handling font encoding PU ...
... no UTF-8 mapping file for font encoding PU
)
Package hyperref Info: Hyper figures OFF on input line 4179.
Package hyperref Info: Link nesting OFF on input line 4184.
Package hyperref Info: Hyper index ON on input line 4187.
Package hyperref Info: Plain pages OFF on input line 4194.
Package hyperref Info: Backreferencing OFF on input line 4199.
Package hyperref Info: Implicit mode ON; LaTeX internals redefined.
Package hyperref Info: Bookmarks ON on input line 4446.
\c@Hy@tempcnt=\count299

(/usr/share/texlive/texmf-dist/tex/latex/url/url.sty
\Urlmuskip=\muskip17
Package: url 2013/09/16  ver 3.4  Verb mode for urls, etc.
)
LaTeX Info: Redefining \url on input line 4784.
\XeTeXLinkMargin=\dimen194

(/usr/share/texlive/texmf-dist/tex/generic/bitset/bitset.sty
Package: bitset 2019/12/09 v1.3 Handle bit-vector datatype (HO)

(/usr/share/texlive/texmf-dist/tex/generic/bigintcalc/bigintcalc.sty
Package: bigintcalc 2019/12/15 v1.5 Expandable calculations on big integers (HO
)
))
\Fld@menulength=\count300
\Field@Width=\dimen195
\Fld@charsize=\dimen196
Package hyperref Info: Hyper figures OFF on input line 6063.
Package hyperref Info: Link nesting OFF on input line 6068.
Package hyperref Info: Hyper index ON on input line 6071.
Package hyperref Info: backreferencing OFF on input line 6078.
Package hyperref Info: Link coloring OFF on input line 6083.
Package hyperref Info: Link coloring with OCG OFF on input line 6088.
Package hyperref Info: PDF/A mode OFF on input line 6093.

(/usr/share/texlive/texmf-dist/tex/latex/base/atbegshi-ltx.sty
Package: atbegshi-ltx 2021/01/10 v1.0c Emulation of the original atbegshi
package with kernel methods
)
\Hy@abspage=\count301
\c@Item=\count302
\c@Hfootnote=\count303
)
Package hyperref Info: Driver (autodetected): hpdftex.

(/usr/share/texlive/texmf-dist/tex/latex/hyperref/hpdftex.def
File: hpdftex.def 2024-01-20 v7.01h Hyperref driver for pdfTeX

(/usr/share/texlive/texmf-dist/tex/latex/base/atveryend-ltx.sty
Package: atveryend-ltx 2020/08/19 v1.0a Emulation of the original atveryend pac
kage
with kernel methods
)
\Fld@listcount=\count304
\c@bookmark@seq@number=\count305

(/usr/share/texlive/texmf-dist/tex/latex/rerunfilecheck/rerunfilecheck.sty
Package: rerunfilecheck 2022-07-10 v1.10 Rerun checks for auxiliary files (HO)

(/usr/share/texlive/texmf-dist/tex/generic/uniquecounter/uniquecounter.sty
Package: uniquecounter 2019/12/15 v1.4 Provide unlimited unique counter (HO)
)
Package uniquecounter Info: New unique counter `rerunfilecheck' on input line 2
85.
)
\Hy@SectionHShift=\skip70
)
(/usr/share/texlive/texmf-dist/tex/latex/csquotes/csquotes.sty
Package: csquotes 2022-09-14 v5.2n context-sensitive quotations (JAW)
\csq@reset=\count306
\csq@gtype=\count307
\csq@glevel=\count308
\csq@qlevel=\count309
\csq@maxlvl=\count310
\csq@tshold=\count311
\csq@ltx@everypar=\toks35

(/usr/share/texlive/texmf-dist/tex/latex/csquotes/csquotes.def
File: csquotes.def 2022-09-14 v5.2n csquotes generic definitions (JAW)
)
Package csquotes Info: Trying to load configuration file 'csquotes.cfg'...
Package csquotes Info: ... configuration file loaded successfully.

(/usr/share/texlive/texmf-dist/tex/latex/csquotes/csquotes.cfg
File: csquotes.cfg 
))
(/usr/share/texlive/texmf-dist/tex/latex/biblatex/biblatex.sty
Package: biblatex 2023/03/05 v3.19 programmable bibliographies (PK/MW)

(/usr/share/texlive/texmf-dist/tex/latex/logreq/logreq.sty
Package: logreq 2010/08/04 v1.0 xml request logger
\lrq@indent=\count312

(/usr/share/texlive/texmf-dist/tex/latex/logreq/logreq.def
File: logreq.def 2010/08/04 v1.0 logreq spec v1.0
))
(/usr/share/texlive/texmf-dist/tex/latex/base/ifthen.sty
Package: ifthen 2022/04/13 v1.1d Standard LaTeX ifthen package (DPC)
)
\c@tabx@nest=\count313
\c@listtotal=\count314
\c@listcount=\count315
\c@liststart=\count316
\c@liststop=\count317
\c@citecount=\count318
\c@citetotal=\count319
\c@multicitecount=\count320
\c@multicitetotal=\count321
\c@instcount=\count322
\c@maxnames=\count323
\c@minnames=\count324
\c@maxitems=\count325
\c@minitems=\count326
\c@citecounter=\count327
\c@maxcitecounter=\count328
\c@savedcitecounter=\count329
\c@uniquelist=\count330
\c@uniquename=\count331
\c@refsection=\count332
\c@refsegment=\count333
\c@maxextratitle=\count334
\c@maxextratitleyear=\count335
\c@maxextraname=\count336
\c@maxextradate=\count337
\c@maxextraalpha=\count338
\c@abbrvpenalty=\count339
\c@highnamepenalty=\count340
\c@lownamepenalty=\count341
\c@maxparens=\count342
\c@parenlevel=\count343
\blx@tempcnta=\count344
\blx@tempcntb=\count345
\blx@tempcntc=\count346
\c@blx@maxsection=\count347
\blx@maxsegment@0=\count348
\blx@notetype=\count349
\blx@parenlevel@text=\count350
\blx@parenlevel@foot=\count351
\blx@sectionciteorder@0=\count352
\blx@sectionciteorderinternal@0=\count353
\blx@entrysetcounter=\count354
\blx@biblioinstance=\count355
\labelnumberwidth=\skip71
\labelalphawidth=\skip72
\biblabelsep=\skip73
\bibitemsep=\skip74
\bibnamesep=\skip75
\bibinitsep=\skip76
\bibparsep=\skip77
\bibhang=\skip78
\blx@bcfin=\read3
\blx@bcfout=\write3
\blx@langwohyphens=\language6
\c@mincomprange=\count356
\c@maxcomprange=\count357
\c@mincompwidth=\count358
Package biblatex Info: Trying to load biblatex default data model...
Package biblatex Info: ... file 'blx-dm.def' found.

(/usr/share/texlive/texmf-dist/tex/latex/biblatex/blx-dm.def
File: blx-dm.def 2023/03/05 v3.19 biblatex localization (PK/MW)
)
Package biblatex Info: Trying to load biblatex style data model...
Package biblatex Info: ... file 'authoryear.dbx' not found.
Package biblatex Info: Trying to load biblatex custom data model...
Package biblatex Info: ... file 'biblatex-dm.cfg' not found.
\c@afterword=\count359
\c@savedafterword=\count360
\c@annotator=\count361
\c@savedannotator=\count362
\c@author=\count363
\c@savedauthor=\count364
\c@bookauthor=\count365
\c@savedbookauthor=\count366
\c@commentator=\count367
\c@savedcommentator=\count368
\c@editor=\count369
\c@savededitor=\count370
\c@editora=\count371
\c@savededitora=\count372
\c@editorb=\count373
\c@savededitorb=\count374
\c@editorc=\count375
\c@savededitorc=\count376
\c@foreword=\count377
\c@savedforeword=\count378
\c@holder=\count379
\c@savedholder=\count380
\c@introduction=\count381
\c@savedintroduction=\count382
\c@namea=\count383
\c@savednamea=\count384
\c@nameb=\count385
\c@savednameb=\count386
\c@namec=\count387
\c@savednamec=\count388
\c@translator=\count389
\c@savedtranslator=\count390
\c@shortauthor=\count391
\c@savedshortauthor=\count392
\c@shorteditor=\count393
\c@savedshorteditor=\count394
\c@labelname=\count395
\c@savedlabelname=\count396
\c@institution=\count397
\c@savedinstitution=\count398
\c@lista=\count399
\c@savedlista=\count400
\c@listb=\count401
\c@savedlistb=\count402
\c@listc=\count403
\c@savedlistc=\count404
\c@listd=\count405
\c@savedlistd=\count406
\c@liste=\count407
\c@savedliste=\count408
\c@listf=\count409
\c@savedlistf=\count410
\c@location=\count411
\c@savedlocation=\count412
\c@organization=\count413
\c@savedorganization=\count414
\c@origlocation=\count415
\c@savedoriglocation=\count416
\c@origpublisher=\count417
\c@savedorigpublisher=\count418
\c@publisher=\count419
\c@savedpublisher=\count420
\c@language=\count421
\c@savedlanguage=\count422
\c@origlanguage=\count423
\c@savedoriglanguage=\count424
\c@pageref=\count425
\c@savedpageref=\count426
\shorthandwidth=\skip79
\shortjournalwidth=\skip80
\shortserieswidth=\skip81
\shorttitlewidth=\skip82
\shortauthorwidth=\skip83
\shorteditorwidth=\skip84
\locallabelnumberwidth=\skip85
\locallabelalphawidth=\skip86
\localshorthandwidth=\skip87
\localshortjournalwidth=\skip88
\localshortserieswidth=\skip89
\localshorttitlewidth=\skip90
\localshortauthorwidth=\skip91
\localshorteditorwidth=\skip92
Package biblatex Info: Trying to load compatibility code...
Package biblatex Info: ... file 'blx-compat.def' found.

(/usr/share/texlive/texmf-dist/tex/latex/biblatex/blx-compat.def
File: blx-compat.def 2023/03/05 v3.19 biblatex compatibility (PK/MW)
)
Package biblatex Info: Trying to load generic definitions...
Package biblatex Info: ... file 'biblatex.def' found.

(/usr/share/texlive/texmf-dist/tex/latex/biblatex/biblatex.def
File: biblatex.def 2023/03/05 v3.19 biblatex compatibility (PK/MW)
\c@textcitecount=\count427
\c@textcitetotal=\count428
\c@textcitemaxnames=\count429
\c@biburlbigbreakpenalty=\count430
\c@biburlbreakpenalty=\count431
\c@biburlnumpenalty=\count432
\c@biburlucpenalty=\count433
\c@biburllcpenalty=\count434
\biburlbigskip=\muskip18
\biburlnumskip=\muskip19
\biburlucskip=\muskip20
\biburllcskip=\muskip21
\c@smartand=\count435
)
Package biblatex Info: Trying to load bibliography style 'authoryear'...
Package biblatex Info: ... file 'authoryear.bbx' found.

(/usr/share/texlive/texmf-dist/tex/latex/biblatex/bbx/authoryear.bbx
File: authoryear.bbx 2023/03/05 v3.19 biblatex bibliography style (PK/MW)
Package biblatex Info: Trying to load bibliography style 'standard'...
Package biblatex Info: ... file 'standard.bbx' found.

(/usr/share/texlive/texmf-dist/tex/latex/biblatex/bbx/standard.bbx
File: standard.bbx 2023/03/05 v3.19 biblatex bibliography style (PK/MW)
\c@bbx:relatedcount=\count436
\c@bbx:relatedtotal=\count437
))
Package biblatex Info: Trying to load citation style 'authoryear'...
Package biblatex Info: ... file 'authoryear.cbx' found.

(/usr/share/texlive/texmf-dist/tex/latex/biblatex/cbx/authoryear.cbx
File: authoryear.cbx 2023/03/05 v3.19 biblatex citation style (PK/MW)
Package biblatex Info: Redefining '\cite'.
Package biblatex Info: Redefining '\parencite'.
Package biblatex Info: Redefining '\footcite'.
Package biblatex Info: Redefining '\footcitetext'.
Package biblatex Info: Redefining '\smartcite'.
Package biblatex Info: Redefining '\textcite'.
Package biblatex Info: Redefining '\textcites'.
)
Package biblatex Info: Trying to load configuration file...
Package biblatex Info: ... file 'biblatex.cfg' found.

(/usr/share/texlive/texmf-dist/tex/latex/biblatex/biblatex.cfg
File: biblatex.cfg 
)
Package biblatex Info: Input encoding 'utf8' detected.
Package biblatex Info: Document encoding is UTF8 ....

(/usr/share/texlive/texmf-dist/tex/latex/l3kernel/expl3.sty
Package: expl3 2024-01-22 L3 programming layer (loader) 

(/usr/share/texlive/texmf-dist/tex/latex/l3backend/l3backend-pdftex.def
File: l3backend-pdftex.def 2024-01-04 L3 backend support: PDF output (pdfTeX)
\l__color_backend_stack_int=\count438
\l__pdf_internal_box=\box57
))
Package biblatex Info: ... and expl3
(biblatex)             2024-01-22 L3 programming layer (loader) 
(biblatex)             is new enough (at least 2020/04/06),
(biblatex)             setting 'casechanger=expl3'.

(/usr/share/texlive/texmf-dist/tex/latex/biblatex/blx-case-expl3.sty
(/usr/share/texlive/texmf-dist/tex/latex/l3packages/xparse/xparse.sty
Package: xparse 2023-10-10 L3 Experimental document command parser
)
Package: blx-case-expl3 2023/03/05 v3.19 expl3 case changing code for biblatex
))
(/usr/share/texlive/texmf-dist/tex/latex/tocloft/tocloft.sty
Package: tocloft 2017/08/31 v2.3i parameterised ToC, etc., typesetting
Package tocloft Info: The document has chapter divisions on input line 51.
\cftparskip=\skip93
\cftbeforetoctitleskip=\skip94
\cftaftertoctitleskip=\skip95
\cftbeforepartskip=\skip96
\cftpartnumwidth=\skip97
\cftpartindent=\skip98
\cftbeforechapskip=\skip99
\cftchapindent=\skip100
\cftchapnumwidth=\skip101
\cftbeforesecskip=\skip102
\cftsecindent=\skip103
\cftsecnumwidth=\skip104
\cftbeforesubsecskip=\skip105
\cftsubsecindent=\skip106
\cftsubsecnumwidth=\skip107
\cftbeforesubsubsecskip=\skip108
\cftsubsubsecindent=\skip109
\cftsubsubsecnumwidth=\skip110
\cftbeforeparaskip=\skip111
\cftparaindent=\skip112
\cftparanumwidth=\skip113
\cftbeforesubparaskip=\skip114
\cftsubparaindent=\skip115
\cftsubparanumwidth=\skip116
\cftbeforeloftitleskip=\skip117
\cftafterloftitleskip=\skip118
\cftbeforefigskip=\skip119
\cftfigindent=\skip120
\cftfignumwidth=\skip121
\c@lofdepth=\count439
\c@lotdepth=\count440
\cftbeforelottitleskip=\skip122
\cftafterlottitleskip=\skip123
\cftbeforetabskip=\skip124
\cfttabindent=\skip125
\cfttabnumwidth=\skip126
)
(/usr/share/texlive/texmf-dist/tex/latex/titlesec/titlesec.sty
Package: titlesec 2023/10/27 v2.16 Sectioning titles
\ttl@box=\box58
\beforetitleunit=\skip127
\aftertitleunit=\skip128
\ttl@plus=\dimen197
\ttl@minus=\dimen198
\ttl@toksa=\toks36
\titlewidth=\dimen199
\titlewidthlast=\dimen256
\titlewidthfirst=\dimen257
)
Package csquotes Info: Checking for multilingual support...
Package csquotes Info: ... found 'babel' package.
Package csquotes Info: Adjusting default style.
Package csquotes Info: Redefining alias 'default' -> 'english'.
 (./main.aux)
\openout1 = `main.aux'.

LaTeX Font Info:    Checking defaults for OML/cmm/m/it on input line 189.
LaTeX Font Info:    ... okay on input line 189.
LaTeX Font Info:    Checking defaults for OMS/cmsy/m/n on input line 189.
LaTeX Font Info:    ... okay on input line 189.
LaTeX Font Info:    Checking defaults for OT1/cmr/m/n on input line 189.
LaTeX Font Info:    ... okay on input line 189.
LaTeX Font Info:    Checking defaults for T1/cmr/m/n on input line 189.
LaTeX Font Info:    ... okay on input line 189.
LaTeX Font Info:    Checking defaults for TS1/cmr/m/n on input line 189.
LaTeX Font Info:    ... okay on input line 189.
LaTeX Font Info:    Checking defaults for OMX/cmex/m/n on input line 189.
LaTeX Font Info:    ... okay on input line 189.
LaTeX Font Info:    Checking defaults for U/cmr/m/n on input line 189.
LaTeX Font Info:    ... okay on input line 189.
LaTeX Font Info:    Checking defaults for PD1/pdf/m/n on input line 189.
LaTeX Font Info:    ... okay on input line 189.
LaTeX Font Info:    Checking defaults for PU/pdf/m/n on input line 189.
LaTeX Font Info:    ... okay on input line 189.

*geometry* driver: auto-detecting
*geometry* detected driver: pdftex
*geometry* verbose mode - [ preamble ] result:
* driver: pdftex
* paper: a4paper
* layout: <same size as paper>
* layoutoffset:(h,v)=(0.0pt,0.0pt)
* modes: twoside 
* h-part:(L,W,R)=(56.9055pt, 483.69687pt, 56.9055pt)
* v-part:(T,H,B)=(56.9055pt, 731.23584pt, 56.9055pt)
* \paperwidth=597.50787pt
* \paperheight=845.04684pt
* \textwidth=483.69687pt
* \textheight=731.23584pt
* \oddsidemargin=-15.36449pt
* \evensidemargin=-15.36449pt
* \topmargin=-47.23828pt
* \headheight=15.0pt
* \headsep=19.8738pt
* \topskip=12.0pt
* \footskip=30.0pt
* \marginparwidth=98.0pt
* \marginparsep=7.0pt
* \columnsep=10.0pt
* \skip\footins=10.8pt plus 4.0pt minus 2.0pt
* \hoffset=0.0pt
* \voffset=0.0pt
* \mag=1000
* \@twocolumnfalse
* \@twosidetrue
* \@mparswitchtrue
* \@reversemarginfalse
* (1in=72.27pt=25.4mm, 1cm=28.453pt)

(/usr/share/texlive/texmf-dist/tex/context/base/mkii/supp-pdf.mkii
[Loading MPS to PDF converter (version 2006.09.02).]
\scratchcounter=\count441
\scratchdimen=\dimen258
\scratchbox=\box59
\nofMPsegments=\count442
\nofMParguments=\count443
\everyMPshowfont=\toks37
\MPscratchCnt=\count444
\MPscratchDim=\dimen259
\MPnumerator=\count445
\makeMPintoPDFobject=\count446
\everyMPtoPDFconversion=\toks38
) (/usr/share/texlive/texmf-dist/tex/latex/epstopdf-pkg/epstopdf-base.sty
Package: epstopdf-base 2020-01-24 v2.11 Base part for package epstopdf
Package epstopdf-base Info: Redefining graphics rule for `.eps' on input line 4
85.

(/usr/share/texlive/texmf-dist/tex/latex/latexconfig/epstopdf-sys.cfg
File: epstopdf-sys.cfg 2010/07/13 v1.3 Configuration of (r)epstopdf for TeX Liv
e
))
Package caption Info: Begin \AtBeginDocument code.
Package caption Info: hyperref package is loaded.
Package caption Info: End \AtBeginDocument code.
Package hyperref Info: Link coloring OFF on input line 189.

(./main.out) (./main.out)
\@outlinefile=\write4
\openout4 = `main.out'.

Package biblatex Info: Trying to load language 'english'...
Package biblatex Info: ... file 'english.lbx' found.

(/usr/share/texlive/texmf-dist/tex/latex/biblatex/lbx/english.lbx
File: english.lbx 2023/03/05 v3.19 biblatex localization (PK/MW)
)
Package biblatex Info: Input encoding 'utf8' detected.
Package biblatex Info: Automatic encoding selection.
(biblatex)             Assuming data encoding 'utf8'.
\openout3 = `main.bcf'.

Package biblatex Info: Trying to load bibliographic data...
Package biblatex Info: ... file 'main.bbl' found.
 (./main.bbl)
Package biblatex Info: Reference section=0 on input line 189.
Package biblatex Info: Reference segment=0 on input line 189.
LaTeX Font Info:    Trying to load font information for U+msa on input line 201
.
(/usr/share/texlive/texmf-dist/tex/latex/amsfonts/umsa.fd
File: umsa.fd 2013/01/14 v3.01 AMS symbols A
)
LaTeX Font Info:    Trying to load font information for U+msb on input line 201
.

(/usr/share/texlive/texmf-dist/tex/latex/amsfonts/umsb.fd
File: umsb.fd 2013/01/14 v3.01 AMS symbols B
) [1

{/var/lib/texmf/fonts/map/pdftex/updmap/pdftex.map}] (./main.toc)
\tf@toc=\write5
\openout5 = `main.toc'.

 [2

]
Underfull \vbox (badness 3919) has occurred while \output is active []

 [3

]
[4]
Chapter 1.
[5

] [6] [7] [8] [9] [10] [11] [12]
<Thesis_images/Loss_cone.png, id=356, 320.48303pt x 399.6359pt>
File: Thesis_images/Loss_cone.png Graphic file (type png)
<use Thesis_images/Loss_cone.png>
Package pdftex.def Info: Thesis_images/Loss_cone.png  used on input line 607.
(pdftex.def)             Requested size: 241.84843pt x 301.59215pt.
 [13] [14 <./Thesis_images/Loss_cone.png>]
[15] [16] [17]
Overfull \hbox (11.55556pt too wide) in paragraph at lines 785--785
|[]\T1/cmr/bx/n/14.4 Gravitational Waves from Black Hole Bi-na-ries and Back-Re
action| 
 []

[18] [19] [20] [21]
Chapter 2.
[22

] [23]
<Thesis_images/H_1.png, id=548, 235.30768pt x 364.79143pt>
File: Thesis_images/H_1.png Graphic file (type png)
<use Thesis_images/H_1.png>
Package pdftex.def Info: Thesis_images/H_1.png  used on input line 1038.
(pdftex.def)             Requested size: 241.84843pt x 374.94337pt.
 [24 <./Thesis_images/H_1.png>] [25]
<Thesis_images/a_and_e_quinlan.png, id=569, 301.55518pt x 376.40625pt>
File: Thesis_images/a_and_e_quinlan.png Graphic file (type png)
<use Thesis_images/a_and_e_quinlan.png>
Package pdftex.def Info: Thesis_images/a_and_e_quinlan.png  used on input line 
1070.
(pdftex.def)             Requested size: 241.84843pt x 301.88353pt.
 [26 <./Thesis_images/a_and_e_quinlan.png>]
<Thesis_images/H_Sesana2006.png, id=581, 338.55054pt x 318.33214pt>
File: Thesis_images/H_Sesana2006.png Graphic file (type png)
<use Thesis_images/H_Sesana2006.png>
Package pdftex.def Info: Thesis_images/H_Sesana2006.png  used on input line 110
1.
(pdftex.def)             Requested size: 241.84843pt x 227.40659pt.
<Thesis_images/K_Sesana2006.png, id=582, 332.52803pt x 330.37714pt>
File: Thesis_images/K_Sesana2006.png Graphic file (type png)
<use Thesis_images/K_Sesana2006.png>
Package pdftex.def Info: Thesis_images/K_Sesana2006.png  used on input line 111
1.
(pdftex.def)             Requested size: 241.84843pt x 240.29109pt.
 [27 <./Thesis_images/H_Sesana2006.png>] [28 <./Thesis_images/K_Sesana2006.png>
]
<Thesis_images/H_vs_a.png, id=619, 406.1574pt x 312.2064pt>
File: Thesis_images/H_vs_a.png Graphic file (type png)
<use Thesis_images/H_vs_a.png>
Package pdftex.def Info: Thesis_images/H_vs_a.png  used on input line 1208.
(pdftex.def)             Requested size: 241.84843pt x 185.90088pt.
 [29]
<Thesis_images/Sesana_2006_Table_1.png, id=637, 582.175pt x 350.30875pt>
File: Thesis_images/Sesana_2006_Table_1.png Graphic file (type png)
<use Thesis_images/Sesana_2006_Table_1.png>
Package pdftex.def Info: Thesis_images/Sesana_2006_Table_1.png  used on input l
ine 1220.
(pdftex.def)             Requested size: 241.84843pt x 145.52509pt.
<Thesis_images/Sesana_2006_Table_3.png, id=639, 758.835pt x 1178.4025pt>
File: Thesis_images/Sesana_2006_Table_3.png Graphic file (type png)
<use Thesis_images/Sesana_2006_Table_3.png>
Package pdftex.def Info: Thesis_images/Sesana_2006_Table_3.png  used on input l
ine 1231.
(pdftex.def)             Requested size: 241.84843pt x 375.56813pt.

Underfull \vbox (badness 10000) has occurred while \output is active []

 [30 <./Thesis_images/H_vs_a.png> <./Thesis_images/Sesana_2006_Table_1.png>]
<Thesis_images/A_K_vs_e.png, id=653, 423.984pt x 314.3745pt>
File: Thesis_images/A_K_vs_e.png Graphic file (type png)
<use Thesis_images/A_K_vs_e.png>
Package pdftex.def Info: Thesis_images/A_K_vs_e.png  used on input line 1241.
(pdftex.def)             Requested size: 241.84843pt x 179.32964pt.
<Thesis_images/a0_K_vs_e.png, id=654, 417.4797pt x 311.7246pt>
File: Thesis_images/a0_K_vs_e.png Graphic file (type png)
<use Thesis_images/a0_K_vs_e.png>
Package pdftex.def Info: Thesis_images/a0_K_vs_e.png  used on input line 1249.
(pdftex.def)             Requested size: 241.84843pt x 180.58633pt.

Underfull \vbox (badness 10000) has occurred while \output is active []

 [31 <./Thesis_images/Sesana_2006_Table_3.png> <./Thesis_images/A_K_vs_e.png>]
<Thesis_images/gamma_K_vs_e.png, id=667, 416.2752pt x 311.7246pt>
File: Thesis_images/gamma_K_vs_e.png Graphic file (type png)
<use Thesis_images/gamma_K_vs_e.png>
Package pdftex.def Info: Thesis_images/gamma_K_vs_e.png  used on input line 125
7.
(pdftex.def)             Requested size: 241.84843pt x 181.10956pt.
<Thesis_images/B_K_vs_e.png, id=668, 438.6789pt x 311.7246pt>
File: Thesis_images/B_K_vs_e.png Graphic file (type png)
<use Thesis_images/B_K_vs_e.png>
Package pdftex.def Info: Thesis_images/B_K_vs_e.png  used on input line 1269.
(pdftex.def)             Requested size: 241.84843pt x 171.85811pt.
<Thesis_images/K_vs_a.png, id=669, 424.2249pt x 315.8199pt>
File: Thesis_images/K_vs_a.png Graphic file (type png)
<use Thesis_images/K_vs_a.png>
Package pdftex.def Info: Thesis_images/K_vs_a.png  used on input line 1279.
(pdftex.def)             Requested size: 241.84843pt x 180.04813pt.
 [32 <./Thesis_images/a0_K_vs_e.png> <./Thesis_images/gamma_K_vs_e.png> <./Thes
is_images/B_K_vs_e.png>]
<Thesis_images/K_vs_e.png, id=678, 430.4883pt x 311.7246pt>
File: Thesis_images/K_vs_e.png Graphic file (type png)
<use Thesis_images/K_vs_e.png>
Package pdftex.def Info: Thesis_images/K_vs_e.png  used on input line 1287.
(pdftex.def)             Requested size: 241.84843pt x 175.12585pt.
<Thesis_images/dK_de_vs_e.png, id=682, 424.2249pt x 311.7246pt>
File: Thesis_images/dK_de_vs_e.png Graphic file (type png)
<use Thesis_images/dK_de_vs_e.png>
Package pdftex.def Info: Thesis_images/dK_de_vs_e.png  used on input line 1295.

(pdftex.def)             Requested size: 241.84843pt x 177.7134pt.
 [33 <./Thesis_images/K_vs_a.png> <./Thesis_images/K_vs_e.png> <./Thesis_images
/dK_de_vs_e.png>]
<Thesis_images/a_vs_t_check.png, id=693, 416.9979pt x 311.9655pt>
File: Thesis_images/a_vs_t_check.png Graphic file (type png)
<use Thesis_images/a_vs_t_check.png>
Package pdftex.def Info: Thesis_images/a_vs_t_check.png  used on input line 133
2.
(pdftex.def)             Requested size: 241.84843pt x 180.93535pt.
<Thesis_images/e_vs_t_check.png, id=694, 409.53pt x 315.8199pt>
File: Thesis_images/e_vs_t_check.png Graphic file (type png)
<use Thesis_images/e_vs_t_check.png>
Package pdftex.def Info: Thesis_images/e_vs_t_check.png  used on input line 134
1.
(pdftex.def)             Requested size: 241.84843pt x 186.51042pt.
 [34 <./Thesis_images/a_vs_t_check.png> <./Thesis_images/e_vs_t_check.png>]
<Thesis_images/a_vs_t_UN.png, id=712, 416.9979pt x 327.3831pt>
File: Thesis_images/a_vs_t_UN.png Graphic file (type png)
<use Thesis_images/a_vs_t_UN.png>
Package pdftex.def Info: Thesis_images/a_vs_t_UN.png  used on input line 1353.
(pdftex.def)             Requested size: 181.20808pt x 142.26378pt.
<Thesis_images/e_vs_t_UN.png, id=713, 409.53pt x 311.9655pt>
File: Thesis_images/e_vs_t_UN.png Graphic file (type png)
<use Thesis_images/e_vs_t_UN.png>
Package pdftex.def Info: Thesis_images/e_vs_t_UN.png  used on input line 1361.
(pdftex.def)             Requested size: 186.76135pt x 142.26378pt.
<Thesis_images/a_vs_t_GW.png, id=717, 416.9979pt x 327.3831pt>
File: Thesis_images/a_vs_t_GW.png Graphic file (type png)
<use Thesis_images/a_vs_t_GW.png>
Package pdftex.def Info: Thesis_images/a_vs_t_GW.png  used on input line 1379.
(pdftex.def)             Requested size: 181.20808pt x 142.26378pt.
<Thesis_images/e_vs_t_GW.png, id=718, 415.7934pt x 311.9655pt>
File: Thesis_images/e_vs_t_GW.png Graphic file (type png)
<use Thesis_images/e_vs_t_GW.png>
Package pdftex.def Info: Thesis_images/e_vs_t_GW.png  used on input line 1387.
(pdftex.def)             Requested size: 189.6177pt x 142.26378pt.
<Thesis_images/a_vs_e_GW.png, id=722, 409.53pt x 311.7246pt>
File: Thesis_images/a_vs_e_GW.png Graphic file (type png)
<use Thesis_images/a_vs_e_GW.png>
Package pdftex.def Info: Thesis_images/a_vs_e_GW.png  used on input line 1405.
(pdftex.def)             Requested size: 186.89883pt x 142.26378pt.
<Thesis_images/a_vs_e_Maggiore.png, id=723, 409.53pt x 311.7246pt>
File: Thesis_images/a_vs_e_Maggiore.png Graphic file (type png)
<use Thesis_images/a_vs_e_Maggiore.png>
Package pdftex.def Info: Thesis_images/a_vs_e_Maggiore.png  used on input line 
1413.
(pdftex.def)             Requested size: 186.89883pt x 142.26378pt.

Underfull \vbox (badness 7362) has occurred while \output is active []

 [35 <./Thesis_images/a_vs_t_UN.png> <./Thesis_images/e_vs_t_UN.png> <./Thesis_
images/a_vs_t_GW.png> <./Thesis_images/e_vs_t_GW.png>]
<Thesis_images/error_a_vs_e_GW.png, id=736, 399.894pt x 322.3242pt>
File: Thesis_images/error_a_vs_e_GW.png Graphic file (type png)
<use Thesis_images/error_a_vs_e_GW.png>
Package pdftex.def Info: Thesis_images/error_a_vs_e_GW.png  used on input line 
1426.
(pdftex.def)             Requested size: 241.84843pt x 194.93542pt.
<Thesis_images/Khan_2021_table.png, id=741, 618.05907pt x 146.04562pt>
File: Thesis_images/Khan_2021_table.png Graphic file (type png)
<use Thesis_images/Khan_2021_table.png>
Package pdftex.def Info: Thesis_images/Khan_2021_table.png  used on input line 
1459.
(pdftex.def)             Requested size: 241.84843pt x 57.14697pt.
 [36 <./Thesis_images/a_vs_e_GW.png> <./Thesis_images/a_vs_e_Maggiore.png> <./T
hesis_images/error_a_vs_e_GW.png>]
<Thesis_images/NGC205_density_profile.png, id=755, 418.9251pt x 315.8199pt>
File: Thesis_images/NGC205_density_profile.png Graphic file (type png)
<use Thesis_images/NGC205_density_profile.png>
Package pdftex.def Info: Thesis_images/NGC205_density_profile.png  used on inpu
t line 1476.
(pdftex.def)             Requested size: 241.84843pt x 182.3227pt.

Overfull \hbox (7.18593pt too wide) in paragraph at lines 1480--1481
[]\T1/cmr/m/n/12 Adopting the same pre-scrip-tion of []Khan and Holley-Bockelma
nn []2021[] and []Holley-Bockelmann
 []

[37 <./Thesis_images/Khan_2021_table.png> <./Thesis_images/NGC205_density_profi
le.png>]
Overfull \hbox (3.68037pt too wide) in paragraph at lines 1522--1525
\T1/cmr/m/n/12 The in-te-gral leads to $\OML/cmm/m/it/12 ^^[[] \OT1/cmr/m/n/12 
=$\T1/cmr/m/n/12 32.6km/s. As both $\OML/cmm/m/it/12 ^^[\OT1/cmr/m/n/12 (\OML/c
mm/m/it/12 r\OT1/cmr/m/n/12 )$ \T1/cmr/m/n/12 and the cir-cu-lar speed $\OML/cm
m/m/it/12 V[]\OT1/cmr/m/n/12 (\OML/cmm/m/it/12 r\OT1/cmr/m/n/12 ) = []$
 []

<Thesis_images/NGC205_Vc_over_sigma_profile.png, id=782, 417.9615pt x 311.9655p
t>
File: Thesis_images/NGC205_Vc_over_sigma_profile.png Graphic file (type png)
<use Thesis_images/NGC205_Vc_over_sigma_profile.png>
Package pdftex.def Info: Thesis_images/NGC205_Vc_over_sigma_profile.png  used o
n input line 1529.
(pdftex.def)             Requested size: 241.84843pt x 180.51645pt.
[38 <./Thesis_images/NGC205_Vc_over_sigma_profile.png>]
<Thesis_images/NGC205_a_vs_t.png, id=801, 416.757pt x 311.9655pt>
File: Thesis_images/NGC205_a_vs_t.png Graphic file (type png)
<use Thesis_images/NGC205_a_vs_t.png>
Package pdftex.def Info: Thesis_images/NGC205_a_vs_t.png  used on input line 15
54.
(pdftex.def)             Requested size: 241.84843pt x 181.03531pt.
<Thesis_images/NGC205_e_vs_t.png, id=802, 409.53pt x 311.9655pt>
File: Thesis_images/NGC205_e_vs_t.png Graphic file (type png)
<use Thesis_images/NGC205_e_vs_t.png>
Package pdftex.def Info: Thesis_images/NGC205_e_vs_t.png  used on input line 15
62.
(pdftex.def)             Requested size: 241.84843pt x 184.23418pt.

Underfull \vbox (badness 10000) has occurred while \output is active []

 [39 <./Thesis_images/NGC205_a_vs_t.png>]
<Thesis_images/NGC205_Bulge_a_vs_t.png, id=818, 416.757pt x 311.9655pt>
File: Thesis_images/NGC205_Bulge_a_vs_t.png Graphic file (type png)
<use Thesis_images/NGC205_Bulge_a_vs_t.png>
Package pdftex.def Info: Thesis_images/NGC205_Bulge_a_vs_t.png  used on input l
ine 1579.
(pdftex.def)             Requested size: 241.84843pt x 181.03531pt.

Underfull \vbox (badness 10000) has occurred while \output is active []

 [40 <./Thesis_images/NGC205_e_vs_t.png>]
<Thesis_images/NGC205_Bulge_e_vs_t.png, id=828, 409.53pt x 311.9655pt>
File: Thesis_images/NGC205_Bulge_e_vs_t.png Graphic file (type png)
<use Thesis_images/NGC205_Bulge_e_vs_t.png>
Package pdftex.def Info: Thesis_images/NGC205_Bulge_e_vs_t.png  used on input l
ine 1586.
(pdftex.def)             Requested size: 241.84843pt x 184.23418pt.
<Thesis_images/Galaxies_density_profile.png, id=831, 436.7517pt x 314.3745pt>
File: Thesis_images/Galaxies_density_profile.png Graphic file (type png)
<use Thesis_images/Galaxies_density_profile.png>
Package pdftex.def Info: Thesis_images/Galaxies_density_profile.png  used on in
put line 1595.
(pdftex.def)             Requested size: 241.84843pt x 174.08176pt.

Underfull \vbox (badness 10000) has occurred while \output is active []

 [41 <./Thesis_images/NGC205_Bulge_a_vs_t.png> <./Thesis_images/NGC205_Bulge_e_
vs_t.png>]
<Thesis_images/Galaxies_H_unbound.png, id=843, 406.1574pt x 311.9655pt>
File: Thesis_images/Galaxies_H_unbound.png Graphic file (type png)
<use Thesis_images/Galaxies_H_unbound.png>
Package pdftex.def Info: Thesis_images/Galaxies_H_unbound.png  used on input li
ne 1602.
(pdftex.def)             Requested size: 241.84843pt x 185.75743pt.
<Thesis_images/Galaxies_K_unbound.png, id=844, 424.2249pt x 311.7246pt>
File: Thesis_images/Galaxies_K_unbound.png Graphic file (type png)
<use Thesis_images/Galaxies_K_unbound.png>
Package pdftex.def Info: Thesis_images/Galaxies_K_unbound.png  used on input li
ne 1610.
(pdftex.def)             Requested size: 241.84843pt x 177.7134pt.
<Thesis_images/Galaxies_a_vs_t.png, id=849, 416.757pt x 311.9655pt>
File: Thesis_images/Galaxies_a_vs_t.png Graphic file (type png)
<use Thesis_images/Galaxies_a_vs_t.png>
Package pdftex.def Info: Thesis_images/Galaxies_a_vs_t.png  used on input line 
1617.
(pdftex.def)             Requested size: 241.84843pt x 181.03531pt.

[42 <./Thesis_images/Galaxies_density_profile.png> <./Thesis_images/Galaxies_H_
unbound.png> <./Thesis_images/Galaxies_K_unbound.png>]
<Thesis_images/Galaxies_e_vs_t.png, id=859, 409.53pt x 311.9655pt>
File: Thesis_images/Galaxies_e_vs_t.png Graphic file (type png)
<use Thesis_images/Galaxies_e_vs_t.png>
Package pdftex.def Info: Thesis_images/Galaxies_e_vs_t.png  used on input line 
1626.
(pdftex.def)             Requested size: 241.84843pt x 184.23418pt.
<Thesis_images/Galaxies_a_vs_t_from_t(z).png, id=860, 416.757pt x 311.9655pt>
File: Thesis_images/Galaxies_a_vs_t_from_t(z).png Graphic file (type png)
<use Thesis_images/Galaxies_a_vs_t_from_t(z).png>
Package pdftex.def Info: Thesis_images/Galaxies_a_vs_t_from_t(z).png  used on i
nput line 1666.
(pdftex.def)             Requested size: 241.84843pt x 181.03531pt.

Underfull \vbox (badness 10000) has occurred while \output is active []

 [43 <./Thesis_images/Galaxies_a_vs_t.png> <./Thesis_images/Galaxies_e_vs_t.png
>] [44 <./Thesis_images/Galaxies_a_vs_t_from_t(z).png>]
Chapter 3.
[45

] [46] [47]
<Thesis_images/NGC205_bulge_scatter.png, id=914, 361.5909pt x 326.9013pt>
File: Thesis_images/NGC205_bulge_scatter.png Graphic file (type png)
<use Thesis_images/NGC205_bulge_scatter.png>
Package pdftex.def Info: Thesis_images/NGC205_bulge_scatter.png  used on input 
line 1876.
(pdftex.def)             Requested size: 241.84843pt x 218.65361pt.
<Thesis_images/NGC205_NSC_scatter.png, id=915, 399.894pt x 326.9013pt>
File: Thesis_images/NGC205_NSC_scatter.png Graphic file (type png)
<use Thesis_images/NGC205_NSC_scatter.png>
Package pdftex.def Info: Thesis_images/NGC205_NSC_scatter.png  used on input li
ne 1883.
(pdftex.def)             Requested size: 241.84843pt x 197.70357pt.
<Thesis_images/NGC205_scatter.png, id=916, 636.6987pt x 281.3712pt>
File: Thesis_images/NGC205_scatter.png Graphic file (type png)
<use Thesis_images/NGC205_scatter.png>
Package pdftex.def Info: Thesis_images/NGC205_scatter.png  used on input line 1
890.
(pdftex.def)             Requested size: 241.84843pt x 106.87923pt.
<Thesis_images/NGC205_bulge_space_hist.png, id=917, 431.6928pt x 327.8649pt>
File: Thesis_images/NGC205_bulge_space_hist.png Graphic file (type png)
<use Thesis_images/NGC205_bulge_space_hist.png>
Package pdftex.def Info: Thesis_images/NGC205_bulge_space_hist.png  used on inp
ut line 1900.
(pdftex.def)             Requested size: 145.11053pt x 110.20688pt.
<Thesis_images/NGC205_NSC_space_hist.png, id=918, 431.6928pt x 327.8649pt>
File: Thesis_images/NGC205_NSC_space_hist.png Graphic file (type png)
<use Thesis_images/NGC205_NSC_space_hist.png>
Package pdftex.def Info: Thesis_images/NGC205_NSC_space_hist.png  used on input
 line 1906.
(pdftex.def)             Requested size: 145.11053pt x 110.20688pt.
<Thesis_images/NGC205_space_hist.png, id=919, 431.6928pt x 327.8649pt>
File: Thesis_images/NGC205_space_hist.png Graphic file (type png)
<use Thesis_images/NGC205_space_hist.png>
Package pdftex.def Info: Thesis_images/NGC205_space_hist.png  used on input lin
e 1912.
(pdftex.def)             Requested size: 145.11053pt x 110.20688pt.


LaTeX Warning: `h' float specifier changed to `ht'.

<Thesis_images/NGC205_bulge_velocity_hist.png, id=920, 425.4294pt x 327.1422pt>

File: Thesis_images/NGC205_bulge_velocity_hist.png Graphic file (type png)
<use Thesis_images/NGC205_bulge_velocity_hist.png>
Package pdftex.def Info: Thesis_images/NGC205_bulge_velocity_hist.png  used on 
input line 1924.
(pdftex.def)             Requested size: 145.11053pt x 111.58627pt.
<Thesis_images/NGC205_NSC_velocity_hist.png, id=921, 425.4294pt x 327.1422pt>
File: Thesis_images/NGC205_NSC_velocity_hist.png Graphic file (type png)
<use Thesis_images/NGC205_NSC_velocity_hist.png>
Package pdftex.def Info: Thesis_images/NGC205_NSC_velocity_hist.png  used on in
put line 1930.
(pdftex.def)             Requested size: 145.11053pt x 111.58627pt.
<Thesis_images/NGC205_velocity_hist.png, id=922, 425.4294pt x 327.1422pt>
File: Thesis_images/NGC205_velocity_hist.png Graphic file (type png)
<use Thesis_images/NGC205_velocity_hist.png>
Package pdftex.def Info: Thesis_images/NGC205_velocity_hist.png  used on input 
line 1936.
(pdftex.def)             Requested size: 145.11053pt x 111.58627pt.

LaTeX Warning: `h' float specifier changed to `ht'.

<Thesis_images/NGC205_bulge_density_Nbody.png, id=923, 413.3844pt x 327.1422pt>

File: Thesis_images/NGC205_bulge_density_Nbody.png Graphic file (type png)
<use Thesis_images/NGC205_bulge_density_Nbody.png>
Package pdftex.def Info: Thesis_images/NGC205_bulge_density_Nbody.png  used on 
input line 1948.
(pdftex.def)             Requested size: 145.11053pt x 114.83592pt.
<Thesis_images/NGC205_NSC_density_Nbody.png, id=924, 417.7206pt x 327.1422pt>
File: Thesis_images/NGC205_NSC_density_Nbody.png Graphic file (type png)
<use Thesis_images/NGC205_NSC_density_Nbody.png>
Package pdftex.def Info: Thesis_images/NGC205_NSC_density_Nbody.png  used on in
put line 1954.
(pdftex.def)             Requested size: 145.11053pt x 113.64288pt.
File: Thesis_images/NGC205_NSC_density_Nbody.png Graphic file (type png)
<use Thesis_images/NGC205_NSC_density_Nbody.png>
Package pdftex.def Info: Thesis_images/NGC205_NSC_density_Nbody.png  used on in
put line 1960.
(pdftex.def)             Requested size: 145.11053pt x 113.64288pt.

LaTeX Warning: `h' float specifier changed to `ht'.

<Thesis_images/NGC205_density_Nbody_vs_analytic.png, id=925, 426.393pt x 327.86
49pt>
File: Thesis_images/NGC205_density_Nbody_vs_analytic.png Graphic file (type png
)
<use Thesis_images/NGC205_density_Nbody_vs_analytic.png>
Package pdftex.def Info: Thesis_images/NGC205_density_Nbody_vs_analytic.png  us
ed on input line 1973.
(pdftex.def)             Requested size: 217.66211pt x 167.36397pt.
<Thesis_images/NGC205_mass_Nbody_vs_analytic.png, id=926, 411.2163pt x 327.1422
pt>
File: Thesis_images/NGC205_mass_Nbody_vs_analytic.png Graphic file (type png)
<use Thesis_images/NGC205_mass_Nbody_vs_analytic.png>
Package pdftex.def Info: Thesis_images/NGC205_mass_Nbody_vs_analytic.png  used 
on input line 1979.
(pdftex.def)             Requested size: 217.66211pt x 173.16489pt.

LaTeX Warning: `h' float specifier changed to `ht'.

[48] [49 <./Thesis_images/NGC205_bulge_scatter.png> <./Thesis_images/NGC205_NSC
_scatter.png> <./Thesis_images/NGC205_scatter.png>]
<Thesis_images/NGC205_halfmass.png, id=953, 409.53pt x 327.8649pt>
File: Thesis_images/NGC205_halfmass.png Graphic file (type png)
<use Thesis_images/NGC205_halfmass.png>
Package pdftex.def Info: Thesis_images/NGC205_halfmass.png  used on input line 
2009.
(pdftex.def)             Requested size: 241.84843pt x 193.6237pt.
 [50 <./Thesis_images/NGC205_bulge_space_hist.png> <./Thesis_images/NGC205_NSC_
space_hist.png> <./Thesis_images/NGC205_space_hist.png> <./Thesis_images/NGC205
_bulge_velocity_hist.png> <./Thesis_images/NGC205_NSC_velocity_hist.png> <./The
sis_images/NGC205_velocity_hist.png>] [51 <./Thesis_images/NGC205_bulge_density
_Nbody.png> <./Thesis_images/NGC205_NSC_density_Nbody.png> <./Thesis_images/NGC
205_density_Nbody_vs_analytic.png> <./Thesis_images/NGC205_mass_Nbody_vs_analyt
ic.png>] [52 <./Thesis_images/NGC205_halfmass.png>]
Appendix A.
[53

]
Appendix B.
[54

]
LaTeX Font Info:    Trying to load font information for T1+cmtt on input line 2
080.
 (/usr/share/texlive/texmf-dist/tex/latex/base/t1cmtt.fd
File: t1cmtt.fd 2023/04/13 v2.5m Standard LaTeX font definitions
)
Overfull \hbox (5.07396pt too wide) in paragraph at lines 2081--2081
\T1/cmr/m/n/12 Tamanini, Ira Thorpe, Michael Troebs, Michele Val-lis-neri, Al-b
erto Vec-chio, Daniele Vetrugno,
 []


Overfull \hbox (31.19432pt too wide) in paragraph at lines 2081--2081
[][]\T1/cmr/m/n/12 Colpi, Mon-ica et al. (Feb. 2024). ^^P  LISA Def-i-ni-tion S
tudy Re-port^^Q. In: \T1/cmr/m/it/12 arXiv e-prints\T1/cmr/m/n/12 , arXiv:2402.
07571,
 []

[55

] [56] [57] (./main.aux)
 ***********
LaTeX2e <2023-11-01> patch level 1
L3 programming layer <2024-01-22>
 ***********
Package rerunfilecheck Info: File `main.out' has not changed.
(rerunfilecheck)             Checksum: D8560C911CD206862DF17B3EB9D20EE8;7454.
Package logreq Info: Writing requests to 'main.run.xml'.
\openout1 = `main.run.xml'.

 ) 
Here is how much of TeX's memory you used:
 23994 strings out of 476182
 426249 string characters out of 5795595
 1944975 words of memory out of 5000000
 45327 multiletter control sequences out of 15000+600000
 580796 words of font info for 92 fonts, out of 8000000 for 9000
 14 hyphenation exceptions out of 8191
 75i,12n,81p,3477b,1832s stack positions out of 10000i,1000n,20000p,200000b,200000s
 </home/davide/.texlive2023/texmf-var/fonts/pk/ljfour/jknappen/ec/ectt1200.60
0pk> </home/davide/.texlive2023/texmf-var/fonts/pk/ljfour/jknappen/ec/eccc1200.
600pk> </home/davide/.texlive2023/texmf-var/fonts/pk/ljfour/jknappen/ec/ecrm109
5.600pk> </home/davide/.texlive2023/texmf-var/fonts/pk/ljfour/jknappen/ec/ecrm1
000.600pk> </home/davide/.texlive2023/texmf-var/fonts/pk/ljfour/jknappen/ec/ecr
m0700.600pk> </home/davide/.texlive2023/texmf-var/fonts/pk/ljfour/jknappen/ec/e
crm0800.600pk> </home/davide/.texlive2023/texmf-var/fonts/pk/ljfour/jknappen/ec
/tcrm1200.600pk> </home/davide/.texlive2023/texmf-var/fonts/pk/ljfour/jknappen/
ec/ecbx1440.600pk> </home/davide/.texlive2023/texmf-var/fonts/pk/ljfour/jknappe
n/ec/ecti1200.600pk> </home/davide/.texlive2023/texmf-var/fonts/pk/ljfour/jknap
pen/ec/ecrm2488.600pk> </home/davide/.texlive2023/texmf-var/fonts/pk/ljfour/jkn
appen/ec/eccc1728.600pk> </home/davide/.texlive2023/texmf-var/fonts/pk/ljfour/j
knappen/ec/ecbx1200.600pk> </home/davide/.texlive2023/texmf-var/fonts/pk/ljfour
/jknappen/ec/ecbx2488.600pk> </home/davide/.texlive2023/texmf-var/fonts/pk/ljfo
ur/jknappen/ec/ecrm1200.600pk> </home/davide/.texlive2023/texmf-var/fonts/pk/lj
four/jknappen/ec/ecbx1728.600pk></usr/share/texlive/texmf-dist/fonts/type1/publ
ic/amsfonts/cm/cmbx12.pfb></usr/share/texlive/texmf-dist/fonts/type1/public/ams
fonts/cm/cmbx8.pfb></usr/share/texlive/texmf-dist/fonts/type1/public/amsfonts/c
m/cmex10.pfb></usr/share/texlive/texmf-dist/fonts/type1/public/amsfonts/cmextra
/cmex8.pfb></usr/share/texlive/texmf-dist/fonts/type1/public/amsfonts/cm/cmmi10
.pfb></usr/share/texlive/texmf-dist/fonts/type1/public/amsfonts/cm/cmmi12.pfb><
/usr/share/texlive/texmf-dist/fonts/type1/public/amsfonts/cm/cmmi6.pfb></usr/sh
are/texlive/texmf-dist/fonts/type1/public/amsfonts/cm/cmmi7.pfb></usr/share/tex
live/texmf-dist/fonts/type1/public/amsfonts/cm/cmmi8.pfb></usr/share/texlive/te
xmf-dist/fonts/type1/public/amsfonts/cm/cmmib10.pfb></usr/share/texlive/texmf-d
ist/fonts/type1/public/amsfonts/cm/cmr10.pfb></usr/share/texlive/texmf-dist/fon
ts/type1/public/amsfonts/cm/cmr12.pfb></usr/share/texlive/texmf-dist/fonts/type
1/public/amsfonts/cm/cmr6.pfb></usr/share/texlive/texmf-dist/fonts/type1/public
/amsfonts/cm/cmr8.pfb></usr/share/texlive/texmf-dist/fonts/type1/public/amsfont
s/cm/cmsy10.pfb></usr/share/texlive/texmf-dist/fonts/type1/public/amsfonts/cm/c
msy6.pfb></usr/share/texlive/texmf-dist/fonts/type1/public/amsfonts/cm/cmsy8.pf
b></usr/share/texlive/texmf-dist/fonts/type1/public/amsfonts/symbols/msam10.pfb
></usr/share/texlive/texmf-dist/fonts/type1/public/amsfonts/symbols/msbm10.pfb>

Output written on main.pdf (57 pages, 5106366 bytes).
PDF statistics:
 1739 PDF objects out of 2073 (max. 8388607)
 1081 compressed objects within 11 object streams
 383 named destinations out of 1000 (max. 500000)
 520 words of extra memory for PDF output out of 10000 (max. 10000000)

